<?xml version="1.0" encoding="utf-8"?><testsuites name="pytest tests"><testsuite name="pytest" errors="0" failures="0" skipped="0" tests="21" time="0.620" timestamp="2025-10-23T03:41:15.719510+03:00" hostname="Daniels-MacBook-Pro.local"><testcase classname="tests.unit.test_integration_service.TestBitrixIntegrationService" name="test_find_poll_form_success" time="0.002" /><testcase classname="tests.unit.test_integration_service.TestBitrixIntegrationService" name="test_find_poll_form_not_found" time="0.001" /><testcase classname="tests.unit.test_integration_service.TestBitrixIntegrationService" name="test_find_existing_contact" time="0.001" /><testcase classname="tests.unit.test_integration_service.TestBitrixIntegrationService" name="test_create_new_contact" time="0.001" /><testcase classname="tests.unit.test_integration_service.TestBitrixIntegrationService" name="test_create_contact_with_utm" time="0.007" /><testcase classname="tests.unit.test_integration_service.TestBitrixIntegrationService" name="test_find_educational_programs_success" time="0.001" /><testcase classname="tests.unit.test_integration_service.TestBitrixIntegrationService" name="test_find_educational_programs_not_found" time="0.001" /><testcase classname="tests.unit.test_integration_service.TestBitrixIntegrationService" name="test_find_educational_programs_partial_match" time="0.002" /><testcase classname="tests.unit.test_integration_service.TestBitrixIntegrationService" name="test_find_existing_deal" time="0.004" /><testcase classname="tests.unit.test_integration_service.TestBitrixIntegrationService" name="test_create_new_deal" time="0.001" /><testcase classname="tests.unit.test_integration_service.TestBitrixIntegrationService" name="test_create_deal_without_program" time="0.001" /><testcase classname="tests.unit.test_integration_service.TestBitrixIntegrationService" name="test_enrich_deal_with_full_data" time="0.001" /><testcase classname="tests.unit.test_integration_service.TestBitrixIntegrationService" name="test_enrich_deal_minimal_data" time="0.001" /><testcase classname="tests.unit.test_integration_service.TestBitrixIntegrationService" name="test_extract_additional_fields" time="0.001" /><testcase classname="tests.unit.test_integration_service.TestBitrixIntegrationService" name="test_extract_additional_fields_empty" time="0.001" /><testcase classname="tests.unit.test_integration_service.TestBitrixIntegrationService" name="test_build_deal_comment_full" time="0.001" /><testcase classname="tests.unit.test_integration_service.TestBitrixIntegrationService" name="test_build_deal_comment_minimal" time="0.001" /><testcase classname="tests.unit.test_integration_service.TestBitrixIntegrationService" name="test_process_webhook_with_programs" time="0.002" /><testcase classname="tests.unit.test_integration_service.TestBitrixIntegrationService" name="test_process_webhook_without_programs" time="0.002" /><testcase classname="tests.unit.test_integration_service.TestBitrixIntegrationService" name="test_process_webhook_poll_form_not_found" time="0.001" /><testcase classname="tests.unit.test_integration_service.TestBitrixIntegrationService" name="test_process_webhook_email_missing" time="0.001" /></testsuite></testsuites>